This is pdfTeX, Version 3.14159265-2.6-1.40.20 (TeX Live 2019/Debian) (preloaded format=pdflatex 2021.9.28)  15 OCT 2021 23:04
entering extended mode
 restricted \write18 enabled.
 %&-line parsing enabled.
**report.tex
(./report.tex
LaTeX2e <2020-02-02> patch level 2
L3 programming layer <2020-02-14>
(/usr/share/texlive/texmf-dist/tex/latex/base/article.cls
Document Class: article 2019/12/20 v1.4l Standard LaTeX document class
(/usr/share/texlive/texmf-dist/tex/latex/base/size10.clo
File: size10.clo 2019/12/20 v1.4l Standard LaTeX file (size option)
)
\c@part=\count167
\c@section=\count168
\c@subsection=\count169
\c@subsubsection=\count170
\c@paragraph=\count171
\c@subparagraph=\count172
\c@figure=\count173
\c@table=\count174
\abovecaptionskip=\skip47
\belowcaptionskip=\skip48
\bibindent=\dimen134
)
(/usr/share/texlive/texmf-dist/tex/latex/listings/listings.sty
(/usr/share/texlive/texmf-dist/tex/latex/graphics/keyval.sty
Package: keyval 2014/10/28 v1.15 key=value parser (DPC)
\KV@toks@=\toks14
)
\lst@mode=\count175
\lst@gtempboxa=\box45
\lst@token=\toks15
\lst@length=\count176
\lst@currlwidth=\dimen135
\lst@column=\count177
\lst@pos=\count178
\lst@lostspace=\dimen136
\lst@width=\dimen137
\lst@newlines=\count179
\lst@lineno=\count180
\lst@maxwidth=\dimen138

(/usr/share/texlive/texmf-dist/tex/latex/listings/lstmisc.sty
File: lstmisc.sty 2019/09/10 1.8c (Carsten Heinz)
\c@lstnumber=\count181
\lst@skipnumbers=\count182
\lst@framebox=\box46
)
(/usr/share/texlive/texmf-dist/tex/latex/listings/listings.cfg
File: listings.cfg 2019/09/10 1.8c listings configuration
))
Package: listings 2019/09/10 1.8c (Carsten Heinz)

(/usr/share/texlive/texmf-dist/tex/latex/graphics/graphicx.sty
Package: graphicx 2019/11/30 v1.2a Enhanced LaTeX Graphics (DPC,SPQR)

(/usr/share/texlive/texmf-dist/tex/latex/graphics/graphics.sty
Package: graphics 2019/11/30 v1.4a Standard LaTeX Graphics (DPC,SPQR)

(/usr/share/texlive/texmf-dist/tex/latex/graphics/trig.sty
Package: trig 2016/01/03 v1.10 sin cos tan (DPC)
)
(/usr/share/texlive/texmf-dist/tex/latex/graphics-cfg/graphics.cfg
File: graphics.cfg 2016/06/04 v1.11 sample graphics configuration
)
Package graphics Info: Driver file: pdftex.def on input line 105.

(/usr/share/texlive/texmf-dist/tex/latex/graphics-def/pdftex.def
File: pdftex.def 2018/01/08 v1.0l Graphics/color driver for pdftex
))
\Gin@req@height=\dimen139
\Gin@req@width=\dimen140
)
(/usr/share/texlive/texmf-dist/tex/latex/subfig/subfig.sty
Package: subfig 2005/06/28 ver: 1.3 subfig package

(/usr/share/texlive/texmf-dist/tex/latex/caption/caption.sty
Package: caption 2020/01/03 v3.4h Customizing captions (AR)

(/usr/share/texlive/texmf-dist/tex/latex/caption/caption3.sty
Package: caption3 2020/01/03 v1.8h caption3 kernel (AR)
Package caption3 Info: TeX engine: e-TeX on input line 61.
\captionmargin=\dimen141
\captionmargin@=\dimen142
\captionwidth=\dimen143
\caption@tempdima=\dimen144
\caption@indent=\dimen145
\caption@parindent=\dimen146
\caption@hangindent=\dimen147
Package caption Info: Standard document class detected.
)
\c@caption@flags=\count183
\c@continuedfloat=\count184
Package caption Info: listings package is loaded.
)
\c@KVtest=\count185
\sf@farskip=\skip49
\sf@captopadj=\dimen148
\sf@capskip=\skip50
\sf@nearskip=\skip51
\c@subfigure=\count186
\c@subfigure@save=\count187
\c@lofdepth=\count188
\c@subtable=\count189
\c@subtable@save=\count190
\c@lotdepth=\count191
\sf@top=\skip52
\sf@bottom=\skip53
)
(/usr/share/texlive/texmf-dist/tex/latex/multirow/multirow.sty
Package: multirow 2019/05/31 v2.5 Span multiple rows of a table
\multirow@colwidth=\skip54
\multirow@cntb=\count192
\multirow@dima=\skip55
\bigstrutjot=\dimen149
)
(/usr/share/texlive/texmf-dist/tex/latex/listings/lstlang1.sty
File: lstlang1.sty 2019/09/10 1.8c listings language file
)
(/usr/share/texlive/texmf-dist/tex/latex/l3backend/l3backend-pdfmode.def
File: l3backend-pdfmode.def 2020-02-03 L3 backend support: PDF mode
\l__kernel_color_stack_int=\count193
\l__pdf_internal_box=\box47
)
(./report.aux)
\openout1 = `report.aux'.

LaTeX Font Info:    Checking defaults for OML/cmm/m/it on input line 23.
LaTeX Font Info:    ... okay on input line 23.
LaTeX Font Info:    Checking defaults for OMS/cmsy/m/n on input line 23.
LaTeX Font Info:    ... okay on input line 23.
LaTeX Font Info:    Checking defaults for OT1/cmr/m/n on input line 23.
LaTeX Font Info:    ... okay on input line 23.
LaTeX Font Info:    Checking defaults for T1/cmr/m/n on input line 23.
LaTeX Font Info:    ... okay on input line 23.
LaTeX Font Info:    Checking defaults for TS1/cmr/m/n on input line 23.
LaTeX Font Info:    ... okay on input line 23.
LaTeX Font Info:    Checking defaults for OMX/cmex/m/n on input line 23.
LaTeX Font Info:    ... okay on input line 23.
LaTeX Font Info:    Checking defaults for U/cmr/m/n on input line 23.
LaTeX Font Info:    ... okay on input line 23.
\c@lstlisting=\count194

(/usr/share/texlive/texmf-dist/tex/context/base/mkii/supp-pdf.mkii
[Loading MPS to PDF converter (version 2006.09.02).]
\scratchcounter=\count195
\scratchdimen=\dimen150
\scratchbox=\box48
\nofMPsegments=\count196
\nofMParguments=\count197
\everyMPshowfont=\toks16
\MPscratchCnt=\count198
\MPscratchDim=\dimen151
\MPnumerator=\count199
\makeMPintoPDFobject=\count266
\everyMPtoPDFconversion=\toks17
) (/usr/share/texlive/texmf-dist/tex/latex/epstopdf-pkg/epstopdf-base.sty
Package: epstopdf-base 2020-01-24 v2.11 Base part for package epstopdf
Package epstopdf-base Info: Redefining graphics rule for `.eps' on input line 4
85.

(/usr/share/texlive/texmf-dist/tex/latex/latexconfig/epstopdf-sys.cfg
File: epstopdf-sys.cfg 2010/07/13 v1.3 Configuration of (r)epstopdf for TeX Liv
e
))
Package caption Info: Begin \AtBeginDocument code.
Package caption Info: subfig package v1.3 is loaded.
Package caption Info: End \AtBeginDocument code.
LaTeX Font Info:    External font `cmex10' loaded for size
(Font)              <12> on input line 24.
LaTeX Font Info:    External font `cmex10' loaded for size
(Font)              <8> on input line 24.
LaTeX Font Info:    External font `cmex10' loaded for size
(Font)              <6> on input line 24.
LaTeX Font Info:    External font `cmex10' loaded for size
(Font)              <7> on input line 25.
LaTeX Font Info:    External font `cmex10' loaded for size
(Font)              <5> on input line 25.

Underfull \hbox (badness 10000) in paragraph at lines 25--26

 []


Underfull \hbox (badness 10000) in paragraph at lines 27--28

 []


Underfull \hbox (badness 10000) in paragraph at lines 29--30

 []

<1e-8.png, id=1, 462.528pt x 346.896pt>
File: 1e-8.png Graphic file (type png)
<use 1e-8.png>
Package pdftex.def Info: 1e-8.png  used on input line 34.
(pdftex.def)             Requested size: 110.40202pt x 113.80908pt.
<1e-7.png, id=3, 462.528pt x 346.896pt>
File: 1e-7.png Graphic file (type png)
<use 1e-7.png>
Package pdftex.def Info: 1e-7.png  used on input line 35.
(pdftex.def)             Requested size: 110.40202pt x 113.80908pt.
<1e-6.png, id=4, 462.528pt x 346.896pt>
File: 1e-6.png Graphic file (type png)
<use 1e-6.png>
Package pdftex.def Info: 1e-6.png  used on input line 36.
(pdftex.def)             Requested size: 110.40202pt x 113.80908pt.
<1e-5.png, id=5, 462.528pt x 346.896pt>
File: 1e-5.png Graphic file (type png)
<use 1e-5.png>
Package pdftex.def Info: 1e-5.png  used on input line 37.
(pdftex.def)             Requested size: 110.40202pt x 113.80908pt.
<1e-4.png, id=6, 462.528pt x 346.896pt>
File: 1e-4.png Graphic file (type png)
<use 1e-4.png>
Package pdftex.def Info: 1e-4.png  used on input line 38.
(pdftex.def)             Requested size: 110.40202pt x 113.80908pt.
<1e-3.png, id=7, 462.528pt x 346.896pt>
File: 1e-3.png Graphic file (type png)
<use 1e-3.png>
Package pdftex.def Info: 1e-3.png  used on input line 39.
(pdftex.def)             Requested size: 110.40202pt x 113.80908pt.
<1e-2.png, id=8, 462.528pt x 346.896pt>
File: 1e-2.png Graphic file (type png)
<use 1e-2.png>
Package pdftex.def Info: 1e-2.png  used on input line 40.
(pdftex.def)             Requested size: 110.40202pt x 113.80908pt.
<1e-1.png, id=9, 462.528pt x 346.896pt>
File: 1e-1.png Graphic file (type png)
<use 1e-1.png>
Package pdftex.def Info: 1e-1.png  used on input line 41.
(pdftex.def)             Requested size: 110.40202pt x 113.80908pt.
<1.png, id=10, 462.528pt x 346.896pt>
File: 1.png Graphic file (type png)
<use 1.png>
Package pdftex.def Info: 1.png  used on input line 43.
(pdftex.def)             Requested size: 110.40202pt x 113.80908pt.
<10.png, id=11, 462.528pt x 346.896pt>
File: 10.png Graphic file (type png)
<use 10.png>
Package pdftex.def Info: 10.png  used on input line 44.
(pdftex.def)             Requested size: 110.40202pt x 113.80908pt.

LaTeX Warning: Float too large for page by 24.23627pt on input line 47.


LaTeX Warning: `h' float specifier changed to `ht'.


Underfull \hbox (badness 10000) in paragraph at lines 50--51

 []


Underfull \hbox (badness 10000) in paragraph at lines 52--53

 []

[1

{/var/lib/texmf/fonts/map/pdftex/updmap/pdftex.map}]
<1e-12_nn.png, id=23, 462.528pt x 346.896pt>
File: 1e-12_nn.png Graphic file (type png)
<use 1e-12_nn.png>
Package pdftex.def Info: 1e-12_nn.png  used on input line 57.
(pdftex.def)             Requested size: 110.40202pt x 113.80908pt.
<1e-11_nn.png, id=24, 462.528pt x 346.896pt>
File: 1e-11_nn.png Graphic file (type png)
<use 1e-11_nn.png>
Package pdftex.def Info: 1e-11_nn.png  used on input line 58.
(pdftex.def)             Requested size: 110.40202pt x 113.80908pt.
<1e-8_nn.png, id=25, 462.528pt x 346.896pt>
File: 1e-8_nn.png Graphic file (type png)
<use 1e-8_nn.png>
Package pdftex.def Info: 1e-8_nn.png  used on input line 59.
(pdftex.def)             Requested size: 110.40202pt x 113.80908pt.
<1e-7_nn.png, id=26, 462.528pt x 346.896pt>
File: 1e-7_nn.png Graphic file (type png)
<use 1e-7_nn.png>
Package pdftex.def Info: 1e-7_nn.png  used on input line 60.
(pdftex.def)             Requested size: 110.40202pt x 113.80908pt.
<1e-6_nn.png, id=27, 462.528pt x 346.896pt>
File: 1e-6_nn.png Graphic file (type png)
<use 1e-6_nn.png>
Package pdftex.def Info: 1e-6_nn.png  used on input line 61.
(pdftex.def)             Requested size: 110.40202pt x 113.80908pt.
<1e-5_nn.png, id=28, 462.528pt x 346.896pt>
File: 1e-5_nn.png Graphic file (type png)
<use 1e-5_nn.png>
Package pdftex.def Info: 1e-5_nn.png  used on input line 62.
(pdftex.def)             Requested size: 110.40202pt x 113.80908pt.
<1e-4_nn.png, id=29, 462.528pt x 346.896pt>
File: 1e-4_nn.png Graphic file (type png)
<use 1e-4_nn.png>
Package pdftex.def Info: 1e-4_nn.png  used on input line 63.
(pdftex.def)             Requested size: 110.40202pt x 113.80908pt.
<1e-3_nn.png, id=30, 462.528pt x 346.896pt>
File: 1e-3_nn.png Graphic file (type png)
<use 1e-3_nn.png>
Package pdftex.def Info: 1e-3_nn.png  used on input line 64.
(pdftex.def)             Requested size: 110.40202pt x 113.80908pt.
<1e-2_nn.png, id=31, 462.528pt x 346.896pt>
File: 1e-2_nn.png Graphic file (type png)
<use 1e-2_nn.png>
Package pdftex.def Info: 1e-2_nn.png  used on input line 65.
(pdftex.def)             Requested size: 110.40202pt x 113.80908pt.
<1e-1_nn.png, id=32, 462.528pt x 346.896pt>
File: 1e-1_nn.png Graphic file (type png)
<use 1e-1_nn.png>
Package pdftex.def Info: 1e-1_nn.png  used on input line 66.
(pdftex.def)             Requested size: 110.40202pt x 113.80908pt.
<1_nn.png, id=33, 462.528pt x 346.896pt>
File: 1_nn.png Graphic file (type png)
<use 1_nn.png>
Package pdftex.def Info: 1_nn.png  used on input line 68.
(pdftex.def)             Requested size: 110.40202pt x 113.80908pt.
<10_nn.png, id=34, 462.528pt x 346.896pt>
File: 10_nn.png Graphic file (type png)
<use 10_nn.png>
Package pdftex.def Info: 10_nn.png  used on input line 69.
(pdftex.def)             Requested size: 110.40202pt x 113.80908pt.


LaTeX Warning: Float too large for page by 24.23627pt on input line 72.


LaTeX Warning: `h' float specifier changed to `ht'.


Underfull \hbox (badness 10000) in paragraph at lines 75--76

 []


Underfull \hbox (badness 10000) in paragraph at lines 75--76

 []

[2] [3 <./1e-8.png> <./1e-7.png> <./1e-6.png> <./1e-5.png> <./1e-4.png> <./1e-3
.png> <./1e-2.png> <./1e-1.png> <./1.png> <./10.png>] [4 <./1e-12_nn.png> <./1e
-11_nn.png> <./1e-8_nn.png> <./1e-7_nn.png> <./1e-6_nn.png> <./1e-5_nn.png> <./
1e-4_nn.png> <./1e-3_nn.png> <./1e-2_nn.png> <./1e-1_nn.png> <./1_nn.png> <./10
_nn.png>] (./report.aux) ) 
Here is how much of TeX's memory you used:
 3980 strings out of 481239
 61405 string characters out of 5920377
 492637 words of memory out of 5000000
 19253 multiletter control sequences out of 15000+600000
 536016 words of font info for 36 fonts, out of 8000000 for 9000
 1141 hyphenation exceptions out of 8191
 50i,9n,49p,1021b,355s stack positions out of 5000i,500n,10000p,200000b,80000s
{/usr/share/texmf/fonts/enc/dvips/cm-super/cm-super-t
s1.enc}</usr/share/texlive/texmf-dist/fonts/type1/public/amsfonts/cm/cmbx10.pfb
></usr/share/texlive/texmf-dist/fonts/type1/public/amsfonts/cm/cmmi10.pfb></usr
/share/texlive/texmf-dist/fonts/type1/public/amsfonts/cm/cmmi7.pfb></usr/share/
texlive/texmf-dist/fonts/type1/public/amsfonts/cm/cmr10.pfb></usr/share/texlive
/texmf-dist/fonts/type1/public/amsfonts/cm/cmr12.pfb></usr/share/texlive/texmf-
dist/fonts/type1/public/amsfonts/cm/cmr17.pfb></usr/share/texlive/texmf-dist/fo
nts/type1/public/amsfonts/cm/cmr7.pfb></usr/share/texlive/texmf-dist/fonts/type
1/public/amsfonts/cm/cmr8.pfb></usr/share/texlive/texmf-dist/fonts/type1/public
/amsfonts/cm/cmsy10.pfb></usr/share/texmf/fonts/type1/public/cm-super/sfrm1000.
pfb>
Output written on report.pdf (4 pages, 399159 bytes).
PDF statistics:
 103 PDF objects out of 1000 (max. 8388607)
 42 compressed objects within 1 object stream
 0 named destinations out of 1000 (max. 500000)
 111 words of extra memory for PDF output out of 10000 (max. 10000000)

